<?xml version="1.0" encoding="UTF-8"?>
<testng-results ignored="0" total="1" passed="1" failed="0" skipped="0">
  <reporter-output>
  </reporter-output>
  <suite started-at="2023-10-08T08:49:45 IST" name="Data Driven Test" finished-at="2023-10-08T08:49:55 IST" duration-ms="9992">
    <groups>
    </groups>
    <test started-at="2023-10-08T08:49:45 IST" name="LoginTest" finished-at="2023-10-08T08:49:54 IST" duration-ms="9386">
      <class name="testCases.TC_001_LoginTest">
        <test-method is-config="true" signature="setup(java.lang.String)[pri:0, instance:testCases.TC_001_LoginTest@4e0ae11f]" started-at="2023-10-08T08:49:45 IST" name="setup" finished-at="2023-10-08T08:49:50 IST" duration-ms="5240" status="PASS">
          <params>
            <param index="0">
              <value>
                <![CDATA[chrome]]>
              </value>
            </param>
          </params>
          <reporter-output>
          </reporter-output>
        </test-method> <!-- setup -->
        <test-method signature="loginAsbankManager()[pri:0, instance:testCases.TC_001_LoginTest@4e0ae11f]" started-at="2023-10-08T08:49:50 IST" name="loginAsbankManager" finished-at="2023-10-08T08:49:54 IST" duration-ms="3271" status="PASS">
          <reporter-output>
          </reporter-output>
        </test-method> <!-- loginAsbankManager -->
        <test-method is-config="true" signature="tearDown()[pri:0, instance:testCases.TC_001_LoginTest@4e0ae11f]" started-at="2023-10-08T08:49:54 IST" name="tearDown" finished-at="2023-10-08T08:49:54 IST" duration-ms="206" status="PASS">
          <reporter-output>
          </reporter-output>
        </test-method> <!-- tearDown -->
      </class> <!-- testCases.TC_001_LoginTest -->
    </test> <!-- LoginTest -->
    <test started-at="2023-10-08T08:49:55 IST" name="AddCustomerLoginTest" finished-at="2023-10-08T08:49:55 IST" duration-ms="1">
    </test> <!-- AddCustomerLoginTest -->
  </suite> <!-- Data Driven Test -->
</testng-results>
